status file for recon-all
Thu Jul  6 19:10:28 EDT 2017
#@# MotionCor Thu Jul  6 19:10:36 EDT 2017
#@# Deface Thu Jul  6 19:10:47 EDT 2017
#@# Talairach Thu Jul  6 19:13:01 EDT 2017
#@# Talairach Failure Detection Thu Jul  6 19:14:45 EDT 2017
#@# Nu Intensity Correction Thu Jul  6 19:14:45 EDT 2017
#@# Intensity Normalization Thu Jul  6 19:16:31 EDT 2017
#@# Skull Stripping Thu Jul  6 19:19:50 EDT 2017
#@# EM Registration Thu Jul  6 19:34:03 EDT 2017
#@# CA Normalize Thu Jul  6 19:44:07 EDT 2017
#@# CA Reg Thu Jul  6 19:46:58 EDT 2017
#@# SubCort Seg Thu Jul  6 22:35:51 EDT 2017
#@# Merge ASeg Thu Jul  6 23:41:01 EDT 2017
#@# Intensity Normalization2 Thu Jul  6 23:41:01 EDT 2017
#@# Mask BFS Thu Jul  6 23:44:07 EDT 2017
#@# WM Segmentation Thu Jul  6 23:44:08 EDT 2017
#@# Fill Thu Jul  6 23:46:35 EDT 2017
#@# Tessellate lh Thu Jul  6 23:47:19 EDT 2017
#@# Tessellate rh Thu Jul  6 23:47:25 EDT 2017
#@# Smooth1 lh Thu Jul  6 23:47:30 EDT 2017
#@# Smooth1 rh Thu Jul  6 23:47:30 EDT 2017
Darwin trash-can.local 15.6.0 Darwin Kernel Version 15.6.0: Thu Jun 23 18:25:34 PDT 2016; root:xnu-3248.60.10~1/RELEASE_X86_64 x86_64 i386 MacPro6,1 Darwin

recon-all -s sub-07 exited with ERRORS at Thu Jul  6 23:47:31 EDT 2017

\n\n
New invocation of recon-all 
\n\n
status file for recon-all
Fri Jul  7 09:49:41 EDT 2017
#@# Smooth1 lh Fri Jul  7 09:49:41 EDT 2017
recon-all -s sub-07 finished without error at Fri Jul  7 09:49:52 EDT 2017
\n\n
New invocation of recon-all 
\n\n
status file for recon-all
Fri Jul  7 09:49:53 EDT 2017
#@# Smooth1 rh Fri Jul  7 09:49:53 EDT 2017
recon-all -s sub-07 finished without error at Fri Jul  7 09:50:06 EDT 2017
\n\n
New invocation of recon-all 
\n\n
status file for recon-all
Fri Jul  7 09:50:06 EDT 2017
#@# Inflation1 lh Fri Jul  7 09:50:06 EDT 2017
recon-all -s sub-07 finished without error at Fri Jul  7 09:50:44 EDT 2017
\n\n
New invocation of recon-all 
\n\n
status file for recon-all
Fri Jul  7 09:50:45 EDT 2017
#@# Inflation1 rh Fri Jul  7 09:50:45 EDT 2017
recon-all -s sub-07 finished without error at Fri Jul  7 09:51:29 EDT 2017
\n\n
New invocation of recon-all 
\n\n
status file for recon-all
Fri Jul  7 09:51:30 EDT 2017
#@# QSphere lh Fri Jul  7 09:51:30 EDT 2017
recon-all -s sub-07 finished without error at Fri Jul  7 09:54:53 EDT 2017
\n\n
New invocation of recon-all 
\n\n
status file for recon-all
Fri Jul  7 09:54:53 EDT 2017
#@# QSphere rh Fri Jul  7 09:54:53 EDT 2017
recon-all -s sub-07 finished without error at Fri Jul  7 09:57:27 EDT 2017
\n\n
New invocation of recon-all 
\n\n
status file for recon-all
Fri Jul  7 09:57:27 EDT 2017
#@# Fix Topology Copy lh Fri Jul  7 09:57:27 EDT 2017
#@# Fix Topology lh Fri Jul  7 09:57:28 EDT 2017
recon-all -s sub-07 finished without error at Fri Jul  7 10:49:06 EDT 2017
\n\n
New invocation of recon-all 
\n\n
status file for recon-all
Fri Jul  7 10:49:06 EDT 2017
#@# Fix Topology Copy rh Fri Jul  7 10:49:06 EDT 2017
#@# Fix Topology rh Fri Jul  7 10:49:06 EDT 2017
recon-all -s sub-07 finished without error at Fri Jul  7 11:48:12 EDT 2017
\n\n
New invocation of recon-all 
\n\n
status file for recon-all
Fri Jul  7 11:48:13 EDT 2017
#@# Make White Surf lh Fri Jul  7 11:48:13 EDT 2017
recon-all -s sub-07 finished without error at Fri Jul  7 12:15:24 EDT 2017
\n\n
New invocation of recon-all 
\n\n
status file for recon-all
Fri Jul  7 12:15:24 EDT 2017
#@# Make White Surf rh Fri Jul  7 12:15:24 EDT 2017
recon-all -s sub-07 finished without error at Fri Jul  7 12:45:18 EDT 2017
\n\n
New invocation of recon-all 
\n\n
status file for recon-all
Fri Jul  7 12:45:19 EDT 2017
#@# Smooth2 lh Fri Jul  7 12:45:19 EDT 2017
recon-all -s sub-07 finished without error at Fri Jul  7 12:45:34 EDT 2017
\n\n
New invocation of recon-all 
\n\n
status file for recon-all
Fri Jul  7 12:45:35 EDT 2017
#@# Inflation2 lh Fri Jul  7 12:45:35 EDT 2017
recon-all -s sub-07 finished without error at Fri Jul  7 12:46:09 EDT 2017
\n\n
New invocation of recon-all 
\n\n
status file for recon-all
Fri Jul  7 12:46:09 EDT 2017
#@# Sphere lh Fri Jul  7 12:46:10 EDT 2017
recon-all -s sub-07 finished without error at Fri Jul  7 13:13:45 EDT 2017
\n\n
New invocation of recon-all 
\n\n
status file for recon-all
Fri Jul  7 13:13:45 EDT 2017
#@# Surf Reg lh Fri Jul  7 13:13:45 EDT 2017
recon-all -s sub-07 finished without error at Fri Jul  7 14:04:23 EDT 2017
\n\n
New invocation of recon-all 
\n\n
status file for recon-all
Fri Jul  7 14:04:23 EDT 2017
#@# Cortical Parc lh Fri Jul  7 14:04:24 EDT 2017
recon-all -s sub-07 finished without error at Fri Jul  7 14:04:55 EDT 2017
\n\n
New invocation of recon-all 
\n\n
status file for recon-all
Fri Jul  7 14:04:56 EDT 2017
#@# Make Pial Surf lh Fri Jul  7 14:04:56 EDT 2017
#@# Surf Volume lh Fri Jul  7 14:28:55 EDT 2017
recon-all -s sub-07 finished without error at Fri Jul  7 14:29:00 EDT 2017
\n\n
New invocation of recon-all 
\n\n
status file for recon-all
Fri Jul  7 14:29:00 EDT 2017
#@# Surf Volume lh Fri Jul  7 14:29:00 EDT 2017
recon-all -s sub-07 finished without error at Fri Jul  7 14:29:06 EDT 2017
\n\n
New invocation of recon-all 
\n\n
status file for recon-all
Fri Jul  7 14:29:06 EDT 2017
#@# Smooth2 rh Fri Jul  7 14:29:06 EDT 2017
recon-all -s sub-07 finished without error at Fri Jul  7 14:29:18 EDT 2017
\n\n
New invocation of recon-all 
\n\n
status file for recon-all
Fri Jul  7 14:29:18 EDT 2017
#@# Inflation2 rh Fri Jul  7 14:29:18 EDT 2017
recon-all -s sub-07 finished without error at Fri Jul  7 14:29:44 EDT 2017
\n\n
New invocation of recon-all 
\n\n
status file for recon-all
Fri Jul  7 14:29:44 EDT 2017
#@# Sphere rh Fri Jul  7 14:29:44 EDT 2017
recon-all -s sub-07 finished without error at Fri Jul  7 14:53:34 EDT 2017
\n\n
New invocation of recon-all 
\n\n
status file for recon-all
Fri Jul  7 14:53:35 EDT 2017
#@# Surf Reg rh Fri Jul  7 14:53:35 EDT 2017
recon-all -s sub-07 finished without error at Fri Jul  7 15:37:32 EDT 2017
\n\n
New invocation of recon-all 
\n\n
status file for recon-all
Fri Jul  7 15:37:32 EDT 2017
#@# Cortical Parc rh Fri Jul  7 15:37:32 EDT 2017
recon-all -s sub-07 finished without error at Fri Jul  7 15:37:49 EDT 2017
\n\n
New invocation of recon-all 
\n\n
status file for recon-all
Fri Jul  7 15:37:50 EDT 2017
#@# Make Pial Surf rh Fri Jul  7 15:37:50 EDT 2017
#@# Surf Volume rh Fri Jul  7 15:56:54 EDT 2017
recon-all -s sub-07 finished without error at Fri Jul  7 15:56:59 EDT 2017
\n\n
New invocation of recon-all 
\n\n
status file for recon-all
Fri Jul  7 15:56:59 EDT 2017
#@# Surf Volume rh Fri Jul  7 15:56:59 EDT 2017
recon-all -s sub-07 finished without error at Fri Jul  7 15:57:03 EDT 2017
\n\n
New invocation of recon-all 
\n\n
status file for recon-all
Fri Jul  7 15:57:03 EDT 2017
#@# Curv .H and .K lh Fri Jul  7 15:57:03 EDT 2017
recon-all -s sub-07 finished without error at Fri Jul  7 15:58:24 EDT 2017
\n\n
New invocation of recon-all 
\n\n
status file for recon-all
Fri Jul  7 15:58:24 EDT 2017
#@# Curv .H and .K rh Fri Jul  7 15:58:24 EDT 2017
recon-all -s sub-07 finished without error at Fri Jul  7 15:59:46 EDT 2017
\n\n
New invocation of recon-all 
\n\n
status file for recon-all
Fri Jul  7 15:59:46 EDT 2017
#@# Curvature Stats lh Fri Jul  7 15:59:46 EDT 2017
recon-all -s sub-07 finished without error at Fri Jul  7 15:59:53 EDT 2017
\n\n
New invocation of recon-all 
\n\n
status file for recon-all
Fri Jul  7 15:59:53 EDT 2017
#@# Curvature Stats rh Fri Jul  7 15:59:53 EDT 2017
recon-all -s sub-07 finished without error at Fri Jul  7 15:59:59 EDT 2017
\n\n
New invocation of recon-all 
\n\n
status file for recon-all
Fri Jul  7 16:00:00 EDT 2017
#@# Jacobian white lh Fri Jul  7 16:00:00 EDT 2017
recon-all -s sub-07 finished without error at Fri Jul  7 16:00:02 EDT 2017
\n\n
New invocation of recon-all 
\n\n
status file for recon-all
Fri Jul  7 16:00:02 EDT 2017
#@# Jacobian white rh Fri Jul  7 16:00:02 EDT 2017
recon-all -s sub-07 finished without error at Fri Jul  7 16:00:04 EDT 2017
\n\n
New invocation of recon-all 
\n\n
status file for recon-all
Fri Jul  7 16:00:04 EDT 2017
#@# AvgCurv lh Fri Jul  7 16:00:04 EDT 2017
recon-all -s sub-07 finished without error at Fri Jul  7 16:00:06 EDT 2017
\n\n
New invocation of recon-all 
\n\n
status file for recon-all
Fri Jul  7 16:00:06 EDT 2017
#@# AvgCurv rh Fri Jul  7 16:00:06 EDT 2017
recon-all -s sub-07 finished without error at Fri Jul  7 16:00:08 EDT 2017
\n\n
New invocation of recon-all 
\n\n
status file for recon-all
Fri Jul  7 16:00:08 EDT 2017
#@# Cortical ribbon mask Fri Jul  7 16:00:09 EDT 2017
recon-all -s sub-07 finished without error at Fri Jul  7 16:15:48 EDT 2017
\n\n
New invocation of recon-all 
\n\n
status file for recon-all
Fri Jul  7 16:15:48 EDT 2017
#@# Parcellation Stats lh Fri Jul  7 16:15:48 EDT 2017
recon-all -s sub-07 finished without error at Fri Jul  7 16:17:18 EDT 2017
\n\n
New invocation of recon-all 
\n\n
status file for recon-all
Fri Jul  7 16:17:19 EDT 2017
#@# Parcellation Stats rh Fri Jul  7 16:17:19 EDT 2017
recon-all -s sub-07 finished without error at Fri Jul  7 16:18:48 EDT 2017
\n\n
New invocation of recon-all 
\n\n
status file for recon-all
Fri Jul  7 16:18:48 EDT 2017
#@# Cortical Parc 2 lh Fri Jul  7 16:18:48 EDT 2017
recon-all -s sub-07 finished without error at Fri Jul  7 16:19:10 EDT 2017
\n\n
New invocation of recon-all 
\n\n
status file for recon-all
Fri Jul  7 16:19:11 EDT 2017
#@# Cortical Parc 2 rh Fri Jul  7 16:19:11 EDT 2017
recon-all -s sub-07 finished without error at Fri Jul  7 16:19:34 EDT 2017
\n\n
New invocation of recon-all 
\n\n
status file for recon-all
Fri Jul  7 16:19:34 EDT 2017
#@# Parcellation Stats 2 lh Fri Jul  7 16:19:34 EDT 2017
recon-all -s sub-07 finished without error at Fri Jul  7 16:20:18 EDT 2017
\n\n
New invocation of recon-all 
\n\n
status file for recon-all
Fri Jul  7 16:20:18 EDT 2017
#@# Parcellation Stats 2 rh Fri Jul  7 16:20:18 EDT 2017
recon-all -s sub-07 finished without error at Fri Jul  7 16:21:02 EDT 2017
\n\n
New invocation of recon-all 
\n\n
status file for recon-all
Fri Jul  7 16:21:02 EDT 2017
#@# Cortical Parc 3 lh Fri Jul  7 16:21:02 EDT 2017
recon-all -s sub-07 finished without error at Fri Jul  7 16:21:19 EDT 2017
\n\n
New invocation of recon-all 
\n\n
status file for recon-all
Fri Jul  7 16:21:20 EDT 2017
#@# Cortical Parc 3 rh Fri Jul  7 16:21:20 EDT 2017
recon-all -s sub-07 finished without error at Fri Jul  7 16:21:38 EDT 2017
\n\n
New invocation of recon-all 
\n\n
status file for recon-all
Fri Jul  7 16:21:39 EDT 2017
#@# Parcellation Stats 3 lh Fri Jul  7 16:21:39 EDT 2017
recon-all -s sub-07 finished without error at Fri Jul  7 16:22:20 EDT 2017
\n\n
New invocation of recon-all 
\n\n
status file for recon-all
Fri Jul  7 16:22:20 EDT 2017
#@# Parcellation Stats 3 rh Fri Jul  7 16:22:20 EDT 2017
recon-all -s sub-07 finished without error at Fri Jul  7 16:23:03 EDT 2017
\n\n
New invocation of recon-all 
\n\n
status file for recon-all
Fri Jul  7 16:23:03 EDT 2017
#@# WM/GM Contrast lh Fri Jul  7 16:23:03 EDT 2017
recon-all -s sub-07 finished without error at Fri Jul  7 16:23:10 EDT 2017
\n\n
New invocation of recon-all 
\n\n
status file for recon-all
Fri Jul  7 16:23:10 EDT 2017
#@# WM/GM Contrast rh Fri Jul  7 16:23:10 EDT 2017
recon-all -s sub-07 finished without error at Fri Jul  7 16:23:17 EDT 2017
\n\n
New invocation of recon-all 
\n\n
status file for recon-all
Fri Jul  7 16:23:17 EDT 2017
#@# Relabel Hypointensities Fri Jul  7 16:23:17 EDT 2017
recon-all -s sub-07 finished without error at Fri Jul  7 16:23:45 EDT 2017
\n\n
New invocation of recon-all 
\n\n
status file for recon-all
Fri Jul  7 16:23:45 EDT 2017
#@# AParc-to-ASeg aparc Fri Jul  7 16:23:45 EDT 2017
#@# AParc-to-ASeg a2009s Fri Jul  7 16:28:53 EDT 2017
#@# AParc-to-ASeg DKTatlas Fri Jul  7 16:34:01 EDT 2017
recon-all -s sub-07 finished without error at Fri Jul  7 16:39:57 EDT 2017
\n\n
New invocation of recon-all 
\n\n
status file for recon-all
Fri Jul  7 16:39:57 EDT 2017
#@# APas-to-ASeg Fri Jul  7 16:39:57 EDT 2017
recon-all -s sub-07 finished without error at Fri Jul  7 16:40:04 EDT 2017
\n\n
New invocation of recon-all 
\n\n
status file for recon-all
Fri Jul  7 16:40:04 EDT 2017
#@# ASeg Stats Fri Jul  7 16:40:04 EDT 2017
recon-all -s sub-07 finished without error at Fri Jul  7 16:41:39 EDT 2017
\n\n
New invocation of recon-all 
\n\n
status file for recon-all
Fri Jul  7 16:41:39 EDT 2017
#@# WMParc Fri Jul  7 16:41:39 EDT 2017
recon-all -s sub-07 finished without error at Fri Jul  7 16:50:05 EDT 2017
\n\n
New invocation of recon-all 
\n\n
status file for recon-all
Fri Jul  7 16:50:06 EDT 2017
#@# BA_exvivo Labels lh Fri Jul  7 16:50:06 EDT 2017
recon-all -s sub-07 finished without error at Fri Jul  7 16:55:45 EDT 2017
\n\n
New invocation of recon-all 
\n\n
status file for recon-all
Fri Jul  7 16:55:46 EDT 2017
#@# BA_exvivo Labels rh Fri Jul  7 16:55:46 EDT 2017
recon-all -s sub-07 finished without error at Fri Jul  7 17:01:10 EDT 2017
\n\n
New invocation of recon-all 
\n\n
status file for recon-all
Wed Oct  4 14:15:39 EDT 2017
#@# MotionCor Wed Oct  4 14:15:39 EDT 2017
recon-all -s sub-07 finished without error at Wed Oct  4 14:15:45 EDT 2017
\n\n
New invocation of recon-all 
\n\n
status file for recon-all
Wed Oct  4 14:15:46 EDT 2017
#@# Talairach Wed Oct  4 14:15:46 EDT 2017
#@# Talairach Failure Detection Wed Oct  4 14:17:34 EDT 2017
recon-all -s sub-07 finished without error at Wed Oct  4 14:17:34 EDT 2017
\n\n
New invocation of recon-all 
\n\n
status file for recon-all
Wed Oct  4 14:17:34 EDT 2017
#@# Nu Intensity Correction Wed Oct  4 14:17:34 EDT 2017
recon-all -s sub-07 finished without error at Wed Oct  4 14:19:33 EDT 2017
\n\n
New invocation of recon-all 
\n\n
status file for recon-all
Wed Oct  4 14:19:33 EDT 2017
#@# Intensity Normalization Wed Oct  4 14:19:33 EDT 2017
recon-all -s sub-07 finished without error at Wed Oct  4 14:21:31 EDT 2017
\n\n
New invocation of recon-all 
\n\n
status file for recon-all
Wed Oct  4 14:21:31 EDT 2017
#@# Skull Stripping Wed Oct  4 14:21:31 EDT 2017
recon-all -s sub-07 finished without error at Wed Oct  4 14:22:06 EDT 2017
\n\n
New invocation of recon-all 
\n\n
status file for recon-all
Wed Oct  4 14:22:06 EDT 2017
#@# EM Registration Wed Oct  4 14:22:06 EDT 2017
recon-all -s sub-07 finished without error at Wed Oct  4 14:32:55 EDT 2017
\n\n
New invocation of recon-all 
\n\n
status file for recon-all
Wed Oct  4 14:32:55 EDT 2017
#@# CA Normalize Wed Oct  4 14:32:55 EDT 2017
recon-all -s sub-07 finished without error at Wed Oct  4 14:34:22 EDT 2017
\n\n
New invocation of recon-all 
\n\n
status file for recon-all
Wed Oct  4 14:34:22 EDT 2017
#@# CA Reg Wed Oct  4 14:34:22 EDT 2017
recon-all -s sub-07 finished without error at Thu Oct  5 03:40:15 EDT 2017
\n\n
New invocation of recon-all 
\n\n
status file for recon-all
Thu Oct  5 03:40:16 EDT 2017
#@# SubCort Seg Thu Oct  5 03:40:16 EDT 2017
#@# Merge ASeg Thu Oct  5 10:57:44 EDT 2017
recon-all -s sub-07 finished without error at Thu Oct  5 10:57:44 EDT 2017
\n\n
New invocation of recon-all 
\n\n
status file for recon-all
Thu Oct  5 10:57:45 EDT 2017
#@# Intensity Normalization2 Thu Oct  5 10:57:45 EDT 2017
recon-all -s sub-07 finished without error at Thu Oct  5 11:00:37 EDT 2017
\n\n
New invocation of recon-all 
\n\n
status file for recon-all
Thu Oct  5 11:00:37 EDT 2017
#@# Mask BFS Thu Oct  5 11:00:37 EDT 2017
recon-all -s sub-07 finished without error at Thu Oct  5 11:00:39 EDT 2017
\n\n
New invocation of recon-all 
\n\n
status file for recon-all
Thu Oct  5 11:00:39 EDT 2017
#@# WM Segmentation Thu Oct  5 11:00:39 EDT 2017
recon-all -s sub-07 finished without error at Thu Oct  5 11:02:53 EDT 2017
\n\n
New invocation of recon-all 
\n\n
status file for recon-all
Thu Oct  5 11:02:53 EDT 2017
#@# Fill Thu Oct  5 11:02:53 EDT 2017
recon-all -s sub-07 finished without error at Thu Oct  5 11:03:27 EDT 2017
\n\n
New invocation of recon-all 
\n\n
status file for recon-all
Thu Oct  5 11:03:27 EDT 2017
#@# Tessellate lh Thu Oct  5 11:03:27 EDT 2017
recon-all -s sub-07 finished without error at Thu Oct  5 11:03:33 EDT 2017
\n\n
New invocation of recon-all 
\n\n
status file for recon-all
Thu Oct  5 11:03:34 EDT 2017
#@# Tessellate rh Thu Oct  5 11:03:34 EDT 2017
recon-all -s sub-07 finished without error at Thu Oct  5 11:03:39 EDT 2017
\n\n
New invocation of recon-all 
\n\n
status file for recon-all
Thu Oct  5 11:03:39 EDT 2017
#@# Smooth1 lh Thu Oct  5 11:03:40 EDT 2017
recon-all -s sub-07 finished without error at Thu Oct  5 11:03:49 EDT 2017
\n\n
New invocation of recon-all 
\n\n
status file for recon-all
Thu Oct  5 11:03:49 EDT 2017
#@# Smooth1 rh Thu Oct  5 11:03:49 EDT 2017
recon-all -s sub-07 finished without error at Thu Oct  5 11:03:58 EDT 2017
\n\n
New invocation of recon-all 
\n\n
status file for recon-all
Thu Oct  5 11:03:58 EDT 2017
#@# Inflation1 lh Thu Oct  5 11:03:58 EDT 2017
recon-all -s sub-07 finished without error at Thu Oct  5 11:04:32 EDT 2017
\n\n
New invocation of recon-all 
\n\n
status file for recon-all
Thu Oct  5 11:04:32 EDT 2017
#@# Inflation1 rh Thu Oct  5 11:04:32 EDT 2017
recon-all -s sub-07 finished without error at Thu Oct  5 11:05:07 EDT 2017
\n\n
New invocation of recon-all 
\n\n
status file for recon-all
Thu Oct  5 11:05:07 EDT 2017
#@# QSphere lh Thu Oct  5 11:05:07 EDT 2017
recon-all -s sub-07 finished without error at Thu Oct  5 11:08:36 EDT 2017
\n\n
New invocation of recon-all 
\n\n
status file for recon-all
Thu Oct  5 11:08:36 EDT 2017
#@# QSphere rh Thu Oct  5 11:08:36 EDT 2017
recon-all -s sub-07 finished without error at Thu Oct  5 11:12:10 EDT 2017
\n\n
New invocation of recon-all 
\n\n
status file for recon-all
Thu Oct  5 11:12:10 EDT 2017
#@# Fix Topology Copy lh Thu Oct  5 11:12:10 EDT 2017
#@# Fix Topology lh Thu Oct  5 11:12:10 EDT 2017
recon-all -s sub-07 finished without error at Thu Oct  5 13:48:48 EDT 2017
\n\n
New invocation of recon-all 
\n\n
status file for recon-all
Thu Oct  5 13:48:48 EDT 2017
#@# Fix Topology Copy rh Thu Oct  5 13:48:48 EDT 2017
#@# Fix Topology rh Thu Oct  5 13:48:48 EDT 2017
recon-all -s sub-07 finished without error at Thu Oct  5 16:12:14 EDT 2017
\n\n
New invocation of recon-all 
\n\n
status file for recon-all
Thu Oct  5 16:12:14 EDT 2017
#@# Make White Surf lh Thu Oct  5 16:12:14 EDT 2017
recon-all -s sub-07 finished without error at Fri Oct  6 10:54:07 EDT 2017
\n\n
New invocation of recon-all 
\n\n
status file for recon-all
Fri Oct  6 10:54:08 EDT 2017
#@# Make White Surf rh Fri Oct  6 10:54:08 EDT 2017
recon-all -s sub-07 finished without error at Sat Oct  7 07:08:57 EDT 2017
\n\n
New invocation of recon-all 
\n\n
status file for recon-all
Sat Oct  7 07:08:58 EDT 2017
#@# Smooth2 lh Sat Oct  7 07:08:58 EDT 2017
recon-all -s sub-07 finished without error at Sat Oct  7 07:09:09 EDT 2017
\n\n
New invocation of recon-all 
\n\n
status file for recon-all
Sat Oct  7 07:09:10 EDT 2017
#@# Inflation2 lh Sat Oct  7 07:09:10 EDT 2017
recon-all -s sub-07 finished without error at Sat Oct  7 08:09:44 EDT 2017
\n\n
New invocation of recon-all 
\n\n
status file for recon-all
Sat Oct  7 08:09:44 EDT 2017
#@# Sphere lh Sat Oct  7 08:09:44 EDT 2017
recon-all -s sub-07 finished without error at Mon Oct  9 05:48:05 EDT 2017
\n\n
New invocation of recon-all 
\n\n
status file for recon-all
Mon Oct  9 05:48:05 EDT 2017
#@# Surf Reg lh Mon Oct  9 05:48:06 EDT 2017
recon-all -s sub-07 finished without error at Tue Oct 10 10:20:01 EDT 2017
\n\n
New invocation of recon-all 
\n\n
status file for recon-all
Tue Oct 10 10:20:01 EDT 2017
#@# Cortical Parc lh Tue Oct 10 10:20:01 EDT 2017
recon-all -s sub-07 finished without error at Tue Oct 10 10:20:20 EDT 2017
\n\n
New invocation of recon-all 
\n\n
status file for recon-all
Tue Oct 10 10:20:21 EDT 2017
#@# Make Pial Surf lh Tue Oct 10 10:20:21 EDT 2017
#@# Surf Volume lh Tue Oct 10 10:40:03 EDT 2017
recon-all -s sub-07 finished without error at Tue Oct 10 10:40:08 EDT 2017
\n\n
New invocation of recon-all 
\n\n
status file for recon-all
Tue Oct 10 10:40:08 EDT 2017
#@# Surf Volume lh Tue Oct 10 10:40:08 EDT 2017
recon-all -s sub-07 finished without error at Tue Oct 10 10:40:13 EDT 2017
\n\n
New invocation of recon-all 
\n\n
status file for recon-all
Tue Oct 10 10:40:13 EDT 2017
#@# Smooth2 rh Tue Oct 10 10:40:13 EDT 2017
recon-all -s sub-07 finished without error at Tue Oct 10 10:40:23 EDT 2017
\n\n
New invocation of recon-all 
\n\n
status file for recon-all
Tue Oct 10 10:40:23 EDT 2017
#@# Inflation2 rh Tue Oct 10 10:40:23 EDT 2017
recon-all -s sub-07 finished without error at Tue Oct 10 10:41:08 EDT 2017
\n\n
New invocation of recon-all 
\n\n
status file for recon-all
Tue Oct 10 10:41:08 EDT 2017
#@# Sphere rh Tue Oct 10 10:41:08 EDT 2017
recon-all -s sub-07 finished without error at Tue Oct 10 12:25:30 EDT 2017
\n\n
New invocation of recon-all 
\n\n
status file for recon-all
Tue Oct 10 12:25:32 EDT 2017
#@# Surf Reg rh Tue Oct 10 12:25:32 EDT 2017
recon-all -s sub-07 finished without error at Tue Oct 10 14:48:01 EDT 2017
\n\n
New invocation of recon-all 
\n\n
status file for recon-all
Tue Oct 10 14:48:01 EDT 2017
#@# Cortical Parc rh Tue Oct 10 14:48:01 EDT 2017
recon-all -s sub-07 finished without error at Tue Oct 10 14:48:22 EDT 2017
\n\n
New invocation of recon-all 
\n\n
status file for recon-all
Tue Oct 10 14:48:22 EDT 2017
#@# Make Pial Surf rh Tue Oct 10 14:48:22 EDT 2017
#@# Surf Volume rh Tue Oct 10 15:07:37 EDT 2017
recon-all -s sub-07 finished without error at Tue Oct 10 15:07:43 EDT 2017
\n\n
New invocation of recon-all 
\n\n
status file for recon-all
Tue Oct 10 15:07:44 EDT 2017
#@# Surf Volume rh Tue Oct 10 15:07:44 EDT 2017
recon-all -s sub-07 finished without error at Tue Oct 10 15:07:48 EDT 2017
\n\n
New invocation of recon-all 
\n\n
status file for recon-all
Tue Oct 10 15:07:49 EDT 2017
#@# Curv .H and .K lh Tue Oct 10 15:07:49 EDT 2017
recon-all -s sub-07 finished without error at Tue Oct 10 15:09:11 EDT 2017
\n\n
New invocation of recon-all 
\n\n
status file for recon-all
Tue Oct 10 15:09:11 EDT 2017
#@# Curv .H and .K rh Tue Oct 10 15:09:11 EDT 2017
recon-all -s sub-07 finished without error at Tue Oct 10 15:10:30 EDT 2017
\n\n
New invocation of recon-all 
\n\n
status file for recon-all
Tue Oct 10 15:10:31 EDT 2017
#@# Curvature Stats lh Tue Oct 10 15:10:31 EDT 2017
recon-all -s sub-07 finished without error at Tue Oct 10 15:10:38 EDT 2017
\n\n
New invocation of recon-all 
\n\n
status file for recon-all
Tue Oct 10 15:10:39 EDT 2017
#@# Curvature Stats rh Tue Oct 10 15:10:39 EDT 2017
recon-all -s sub-07 finished without error at Tue Oct 10 15:10:45 EDT 2017
\n\n
New invocation of recon-all 
\n\n
status file for recon-all
Tue Oct 10 15:10:46 EDT 2017
#@# Jacobian white lh Tue Oct 10 15:10:46 EDT 2017
recon-all -s sub-07 finished without error at Tue Oct 10 15:10:48 EDT 2017
\n\n
New invocation of recon-all 
\n\n
status file for recon-all
Tue Oct 10 15:10:48 EDT 2017
#@# Jacobian white rh Tue Oct 10 15:10:48 EDT 2017
recon-all -s sub-07 finished without error at Tue Oct 10 15:10:51 EDT 2017
\n\n
New invocation of recon-all 
\n\n
status file for recon-all
Tue Oct 10 15:10:51 EDT 2017
#@# AvgCurv lh Tue Oct 10 15:10:51 EDT 2017
recon-all -s sub-07 finished without error at Tue Oct 10 15:10:54 EDT 2017
\n\n
New invocation of recon-all 
\n\n
status file for recon-all
Tue Oct 10 15:10:54 EDT 2017
#@# AvgCurv rh Tue Oct 10 15:10:54 EDT 2017
recon-all -s sub-07 finished without error at Tue Oct 10 15:10:56 EDT 2017
\n\n
New invocation of recon-all 
\n\n
status file for recon-all
Tue Oct 10 15:10:57 EDT 2017
#@# Cortical ribbon mask Tue Oct 10 15:10:57 EDT 2017
recon-all -s sub-07 finished without error at Tue Oct 10 15:29:48 EDT 2017
\n\n
New invocation of recon-all 
\n\n
status file for recon-all
Tue Oct 10 15:29:49 EDT 2017
#@# Parcellation Stats lh Tue Oct 10 15:29:49 EDT 2017
recon-all -s sub-07 finished without error at Tue Oct 10 15:31:16 EDT 2017
\n\n
New invocation of recon-all 
\n\n
status file for recon-all
Tue Oct 10 15:31:17 EDT 2017
#@# Parcellation Stats rh Tue Oct 10 15:31:17 EDT 2017
recon-all -s sub-07 finished without error at Tue Oct 10 15:32:41 EDT 2017
\n\n
New invocation of recon-all 
\n\n
status file for recon-all
Tue Oct 10 15:32:42 EDT 2017
#@# Cortical Parc 2 lh Tue Oct 10 15:32:42 EDT 2017
recon-all -s sub-07 finished without error at Tue Oct 10 15:33:06 EDT 2017
\n\n
New invocation of recon-all 
\n\n
status file for recon-all
Tue Oct 10 15:33:06 EDT 2017
#@# Cortical Parc 2 rh Tue Oct 10 15:33:06 EDT 2017
recon-all -s sub-07 finished without error at Tue Oct 10 15:33:29 EDT 2017
\n\n
New invocation of recon-all 
\n\n
status file for recon-all
Tue Oct 10 15:33:29 EDT 2017
#@# Parcellation Stats 2 lh Tue Oct 10 15:33:29 EDT 2017
recon-all -s sub-07 finished without error at Tue Oct 10 15:34:20 EDT 2017
\n\n
New invocation of recon-all 
\n\n
status file for recon-all
Tue Oct 10 15:34:20 EDT 2017
#@# Parcellation Stats 2 rh Tue Oct 10 15:34:20 EDT 2017
recon-all -s sub-07 finished without error at Tue Oct 10 15:35:14 EDT 2017
\n\n
New invocation of recon-all 
\n\n
status file for recon-all
Tue Oct 10 15:35:15 EDT 2017
#@# Cortical Parc 3 lh Tue Oct 10 15:35:15 EDT 2017
recon-all -s sub-07 finished without error at Tue Oct 10 15:35:35 EDT 2017
\n\n
New invocation of recon-all 
\n\n
status file for recon-all
Tue Oct 10 15:35:36 EDT 2017
#@# Cortical Parc 3 rh Tue Oct 10 15:35:36 EDT 2017
recon-all -s sub-07 finished without error at Tue Oct 10 15:35:54 EDT 2017
\n\n
New invocation of recon-all 
\n\n
status file for recon-all
Tue Oct 10 15:35:54 EDT 2017
#@# Parcellation Stats 3 lh Tue Oct 10 15:35:54 EDT 2017
recon-all -s sub-07 finished without error at Tue Oct 10 15:36:41 EDT 2017
\n\n
New invocation of recon-all 
\n\n
status file for recon-all
Tue Oct 10 15:36:42 EDT 2017
#@# Parcellation Stats 3 rh Tue Oct 10 15:36:42 EDT 2017
recon-all -s sub-07 finished without error at Tue Oct 10 15:37:30 EDT 2017
\n\n
New invocation of recon-all 
\n\n
status file for recon-all
Tue Oct 10 15:37:30 EDT 2017
#@# WM/GM Contrast lh Tue Oct 10 15:37:30 EDT 2017
recon-all -s sub-07 finished without error at Tue Oct 10 15:37:38 EDT 2017
\n\n
New invocation of recon-all 
\n\n
status file for recon-all
Tue Oct 10 15:37:38 EDT 2017
#@# WM/GM Contrast rh Tue Oct 10 15:37:38 EDT 2017
recon-all -s sub-07 finished without error at Tue Oct 10 15:37:46 EDT 2017
\n\n
New invocation of recon-all 
\n\n
status file for recon-all
Tue Oct 10 15:37:46 EDT 2017
#@# Relabel Hypointensities Tue Oct 10 15:37:46 EDT 2017
recon-all -s sub-07 finished without error at Tue Oct 10 15:38:17 EDT 2017
\n\n
New invocation of recon-all 
\n\n
status file for recon-all
Tue Oct 10 15:38:17 EDT 2017
#@# AParc-to-ASeg aparc Tue Oct 10 15:38:17 EDT 2017
#@# AParc-to-ASeg a2009s Tue Oct 10 15:45:03 EDT 2017
#@# AParc-to-ASeg DKTatlas Tue Oct 10 15:51:58 EDT 2017
recon-all -s sub-07 finished without error at Tue Oct 10 15:58:18 EDT 2017
\n\n
New invocation of recon-all 
\n\n
status file for recon-all
Tue Oct 10 15:58:19 EDT 2017
#@# APas-to-ASeg Tue Oct 10 15:58:19 EDT 2017
recon-all -s sub-07 finished without error at Tue Oct 10 15:58:25 EDT 2017
\n\n
New invocation of recon-all 
\n\n
status file for recon-all
Tue Oct 10 15:58:25 EDT 2017
#@# ASeg Stats Tue Oct 10 15:58:25 EDT 2017
recon-all -s sub-07 finished without error at Tue Oct 10 16:01:18 EDT 2017
\n\n
New invocation of recon-all 
\n\n
status file for recon-all
Tue Oct 10 16:01:19 EDT 2017
#@# WMParc Tue Oct 10 16:01:19 EDT 2017
recon-all -s sub-07 finished without error at Tue Oct 10 16:12:42 EDT 2017
\n\n
New invocation of recon-all 
\n\n
status file for recon-all
Tue Oct 10 16:12:43 EDT 2017
#@# BA_exvivo Labels lh Tue Oct 10 16:12:43 EDT 2017
recon-all -s sub-07 finished without error at Tue Oct 10 16:18:46 EDT 2017
\n\n
New invocation of recon-all 
\n\n
status file for recon-all
Tue Oct 10 16:18:48 EDT 2017
#@# BA_exvivo Labels rh Tue Oct 10 16:18:48 EDT 2017
recon-all -s sub-07 finished without error at Tue Oct 10 16:24:53 EDT 2017
