status file for recon-all
Thu Jul  6 19:04:32 EDT 2017
#@# MotionCor Thu Jul  6 19:04:40 EDT 2017
#@# Deface Thu Jul  6 19:04:50 EDT 2017
#@# Talairach Thu Jul  6 19:07:01 EDT 2017
#@# Talairach Failure Detection Thu Jul  6 19:08:38 EDT 2017
#@# Nu Intensity Correction Thu Jul  6 19:08:39 EDT 2017
#@# Intensity Normalization Thu Jul  6 19:10:06 EDT 2017
#@# Skull Stripping Thu Jul  6 19:12:07 EDT 2017
#@# EM Registration Thu Jul  6 19:24:44 EDT 2017
#@# CA Normalize Thu Jul  6 19:37:45 EDT 2017
#@# CA Reg Thu Jul  6 19:40:35 EDT 2017
#@# SubCort Seg Thu Jul  6 22:51:17 EDT 2017
#@# Merge ASeg Thu Jul  6 23:51:06 EDT 2017
#@# Intensity Normalization2 Thu Jul  6 23:51:06 EDT 2017
#@# Mask BFS Thu Jul  6 23:54:11 EDT 2017
#@# WM Segmentation Thu Jul  6 23:54:12 EDT 2017
#@# Fill Thu Jul  6 23:56:30 EDT 2017
#@# Tessellate lh Thu Jul  6 23:57:12 EDT 2017
#@# Tessellate rh Thu Jul  6 23:57:18 EDT 2017
#@# Smooth1 lh Thu Jul  6 23:57:23 EDT 2017
#@# Smooth1 rh Thu Jul  6 23:57:24 EDT 2017
Darwin trash-can.local 15.6.0 Darwin Kernel Version 15.6.0: Thu Jun 23 18:25:34 PDT 2016; root:xnu-3248.60.10~1/RELEASE_X86_64 x86_64 i386 MacPro6,1 Darwin

recon-all -s sub-01 exited with ERRORS at Thu Jul  6 23:57:24 EDT 2017

\n\n
New invocation of recon-all 
\n\n
status file for recon-all
Fri Jul  7 09:45:57 EDT 2017
#@# Smooth1 lh Fri Jul  7 09:45:57 EDT 2017
recon-all -s sub-01 finished without error at Fri Jul  7 09:46:05 EDT 2017
\n\n
New invocation of recon-all 
\n\n
status file for recon-all
Fri Jul  7 09:46:06 EDT 2017
#@# Smooth1 rh Fri Jul  7 09:46:06 EDT 2017
recon-all -s sub-01 finished without error at Fri Jul  7 09:46:14 EDT 2017
\n\n
New invocation of recon-all 
\n\n
status file for recon-all
Fri Jul  7 09:46:14 EDT 2017
#@# Inflation1 lh Fri Jul  7 09:46:14 EDT 2017
recon-all -s sub-01 finished without error at Fri Jul  7 09:46:32 EDT 2017
\n\n
New invocation of recon-all 
\n\n
status file for recon-all
Fri Jul  7 09:46:32 EDT 2017
#@# Inflation1 rh Fri Jul  7 09:46:32 EDT 2017
recon-all -s sub-01 finished without error at Fri Jul  7 09:46:50 EDT 2017
\n\n
New invocation of recon-all 
\n\n
status file for recon-all
Fri Jul  7 09:46:51 EDT 2017
#@# QSphere lh Fri Jul  7 09:46:51 EDT 2017
recon-all -s sub-01 finished without error at Fri Jul  7 09:48:59 EDT 2017
\n\n
New invocation of recon-all 
\n\n
status file for recon-all
Fri Jul  7 09:48:59 EDT 2017
#@# QSphere rh Fri Jul  7 09:48:59 EDT 2017
recon-all -s sub-01 finished without error at Fri Jul  7 09:52:02 EDT 2017
\n\n
New invocation of recon-all 
\n\n
status file for recon-all
Fri Jul  7 09:52:02 EDT 2017
#@# Fix Topology Copy lh Fri Jul  7 09:52:02 EDT 2017
#@# Fix Topology lh Fri Jul  7 09:52:02 EDT 2017
recon-all -s sub-01 finished without error at Fri Jul  7 10:31:06 EDT 2017
\n\n
New invocation of recon-all 
\n\n
status file for recon-all
Fri Jul  7 10:31:06 EDT 2017
#@# Fix Topology Copy rh Fri Jul  7 10:31:06 EDT 2017
#@# Fix Topology rh Fri Jul  7 10:31:06 EDT 2017
recon-all -s sub-01 finished without error at Fri Jul  7 11:10:48 EDT 2017
\n\n
New invocation of recon-all 
\n\n
status file for recon-all
Fri Jul  7 11:10:49 EDT 2017
#@# Make White Surf lh Fri Jul  7 11:10:49 EDT 2017
recon-all -s sub-01 finished without error at Fri Jul  7 11:31:05 EDT 2017
\n\n
New invocation of recon-all 
\n\n
status file for recon-all
Fri Jul  7 11:31:06 EDT 2017
#@# Make White Surf rh Fri Jul  7 11:31:06 EDT 2017
recon-all -s sub-01 finished without error at Fri Jul  7 11:52:33 EDT 2017
\n\n
New invocation of recon-all 
\n\n
status file for recon-all
Fri Jul  7 11:52:34 EDT 2017
#@# Smooth2 lh Fri Jul  7 11:52:34 EDT 2017
recon-all -s sub-01 finished without error at Fri Jul  7 11:52:43 EDT 2017
\n\n
New invocation of recon-all 
\n\n
status file for recon-all
Fri Jul  7 11:52:44 EDT 2017
#@# Inflation2 lh Fri Jul  7 11:52:44 EDT 2017
recon-all -s sub-01 finished without error at Fri Jul  7 11:53:03 EDT 2017
\n\n
New invocation of recon-all 
\n\n
status file for recon-all
Fri Jul  7 11:53:04 EDT 2017
#@# Sphere lh Fri Jul  7 11:53:04 EDT 2017
recon-all -s sub-01 finished without error at Fri Jul  7 12:15:16 EDT 2017
\n\n
New invocation of recon-all 
\n\n
status file for recon-all
Fri Jul  7 12:15:16 EDT 2017
#@# Surf Reg lh Fri Jul  7 12:15:16 EDT 2017
recon-all -s sub-01 finished without error at Fri Jul  7 12:57:57 EDT 2017
\n\n
New invocation of recon-all 
\n\n
status file for recon-all
Fri Jul  7 12:57:57 EDT 2017
#@# Cortical Parc lh Fri Jul  7 12:57:57 EDT 2017
recon-all -s sub-01 finished without error at Fri Jul  7 12:58:27 EDT 2017
\n\n
New invocation of recon-all 
\n\n
status file for recon-all
Fri Jul  7 12:58:27 EDT 2017
#@# Make Pial Surf lh Fri Jul  7 12:58:27 EDT 2017
#@# Surf Volume lh Fri Jul  7 13:23:02 EDT 2017
recon-all -s sub-01 finished without error at Fri Jul  7 13:23:07 EDT 2017
\n\n
New invocation of recon-all 
\n\n
status file for recon-all
Fri Jul  7 13:23:07 EDT 2017
#@# Surf Volume lh Fri Jul  7 13:23:07 EDT 2017
recon-all -s sub-01 finished without error at Fri Jul  7 13:23:12 EDT 2017
\n\n
New invocation of recon-all 
\n\n
status file for recon-all
Fri Jul  7 13:23:12 EDT 2017
#@# Smooth2 rh Fri Jul  7 13:23:12 EDT 2017
recon-all -s sub-01 finished without error at Fri Jul  7 13:23:22 EDT 2017
\n\n
New invocation of recon-all 
\n\n
status file for recon-all
Fri Jul  7 13:23:22 EDT 2017
#@# Inflation2 rh Fri Jul  7 13:23:23 EDT 2017
recon-all -s sub-01 finished without error at Fri Jul  7 13:23:45 EDT 2017
\n\n
New invocation of recon-all 
\n\n
status file for recon-all
Fri Jul  7 13:23:46 EDT 2017
#@# Sphere rh Fri Jul  7 13:23:46 EDT 2017
recon-all -s sub-01 finished without error at Fri Jul  7 13:52:57 EDT 2017
\n\n
New invocation of recon-all 
\n\n
status file for recon-all
Fri Jul  7 13:52:57 EDT 2017
#@# Surf Reg rh Fri Jul  7 13:52:57 EDT 2017
recon-all -s sub-01 finished without error at Fri Jul  7 14:30:28 EDT 2017
\n\n
New invocation of recon-all 
\n\n
status file for recon-all
Fri Jul  7 14:30:28 EDT 2017
#@# Cortical Parc rh Fri Jul  7 14:30:28 EDT 2017
recon-all -s sub-01 finished without error at Fri Jul  7 14:30:51 EDT 2017
\n\n
New invocation of recon-all 
\n\n
status file for recon-all
Fri Jul  7 14:30:52 EDT 2017
#@# Make Pial Surf rh Fri Jul  7 14:30:52 EDT 2017
#@# Surf Volume rh Fri Jul  7 14:51:48 EDT 2017
recon-all -s sub-01 finished without error at Fri Jul  7 14:51:52 EDT 2017
\n\n
New invocation of recon-all 
\n\n
status file for recon-all
Fri Jul  7 14:51:53 EDT 2017
#@# Surf Volume rh Fri Jul  7 14:51:53 EDT 2017
recon-all -s sub-01 finished without error at Fri Jul  7 14:51:57 EDT 2017
\n\n
New invocation of recon-all 
\n\n
status file for recon-all
Fri Jul  7 14:51:57 EDT 2017
#@# Curv .H and .K lh Fri Jul  7 14:51:57 EDT 2017
recon-all -s sub-01 finished without error at Fri Jul  7 14:53:24 EDT 2017
\n\n
New invocation of recon-all 
\n\n
status file for recon-all
Fri Jul  7 14:53:25 EDT 2017
#@# Curv .H and .K rh Fri Jul  7 14:53:25 EDT 2017
recon-all -s sub-01 finished without error at Fri Jul  7 14:54:46 EDT 2017
\n\n
New invocation of recon-all 
\n\n
status file for recon-all
Fri Jul  7 14:54:46 EDT 2017
#@# Curvature Stats lh Fri Jul  7 14:54:46 EDT 2017
recon-all -s sub-01 finished without error at Fri Jul  7 14:54:53 EDT 2017
\n\n
New invocation of recon-all 
\n\n
status file for recon-all
Fri Jul  7 14:54:53 EDT 2017
#@# Curvature Stats rh Fri Jul  7 14:54:53 EDT 2017
recon-all -s sub-01 finished without error at Fri Jul  7 14:54:59 EDT 2017
\n\n
New invocation of recon-all 
\n\n
status file for recon-all
Fri Jul  7 14:55:00 EDT 2017
#@# Jacobian white lh Fri Jul  7 14:55:00 EDT 2017
recon-all -s sub-01 finished without error at Fri Jul  7 14:55:02 EDT 2017
\n\n
New invocation of recon-all 
\n\n
status file for recon-all
Fri Jul  7 14:55:02 EDT 2017
#@# Jacobian white rh Fri Jul  7 14:55:02 EDT 2017
recon-all -s sub-01 finished without error at Fri Jul  7 14:55:04 EDT 2017
\n\n
New invocation of recon-all 
\n\n
status file for recon-all
Fri Jul  7 14:55:04 EDT 2017
#@# AvgCurv lh Fri Jul  7 14:55:04 EDT 2017
recon-all -s sub-01 finished without error at Fri Jul  7 14:55:06 EDT 2017
\n\n
New invocation of recon-all 
\n\n
status file for recon-all
Fri Jul  7 14:55:07 EDT 2017
#@# AvgCurv rh Fri Jul  7 14:55:07 EDT 2017
recon-all -s sub-01 finished without error at Fri Jul  7 14:55:09 EDT 2017
\n\n
New invocation of recon-all 
\n\n
status file for recon-all
Fri Jul  7 14:55:09 EDT 2017
#@# Cortical ribbon mask Fri Jul  7 14:55:09 EDT 2017
recon-all -s sub-01 finished without error at Fri Jul  7 15:15:17 EDT 2017
\n\n
New invocation of recon-all 
\n\n
status file for recon-all
Fri Jul  7 15:15:18 EDT 2017
#@# Parcellation Stats lh Fri Jul  7 15:15:18 EDT 2017
recon-all -s sub-01 finished without error at Fri Jul  7 15:16:57 EDT 2017
\n\n
New invocation of recon-all 
\n\n
status file for recon-all
Fri Jul  7 15:16:57 EDT 2017
#@# Parcellation Stats rh Fri Jul  7 15:16:57 EDT 2017
recon-all -s sub-01 finished without error at Fri Jul  7 15:18:31 EDT 2017
\n\n
New invocation of recon-all 
\n\n
status file for recon-all
Fri Jul  7 15:18:31 EDT 2017
#@# Cortical Parc 2 lh Fri Jul  7 15:18:31 EDT 2017
recon-all -s sub-01 finished without error at Fri Jul  7 15:18:57 EDT 2017
\n\n
New invocation of recon-all 
\n\n
status file for recon-all
Fri Jul  7 15:18:58 EDT 2017
#@# Cortical Parc 2 rh Fri Jul  7 15:18:58 EDT 2017
recon-all -s sub-01 finished without error at Fri Jul  7 15:19:23 EDT 2017
\n\n
New invocation of recon-all 
\n\n
status file for recon-all
Fri Jul  7 15:19:23 EDT 2017
#@# Parcellation Stats 2 lh Fri Jul  7 15:19:23 EDT 2017
recon-all -s sub-01 finished without error at Fri Jul  7 15:20:14 EDT 2017
\n\n
New invocation of recon-all 
\n\n
status file for recon-all
Fri Jul  7 15:20:14 EDT 2017
#@# Parcellation Stats 2 rh Fri Jul  7 15:20:14 EDT 2017
recon-all -s sub-01 finished without error at Fri Jul  7 15:21:07 EDT 2017
\n\n
New invocation of recon-all 
\n\n
status file for recon-all
Fri Jul  7 15:21:07 EDT 2017
#@# Cortical Parc 3 lh Fri Jul  7 15:21:07 EDT 2017
recon-all -s sub-01 finished without error at Fri Jul  7 15:21:30 EDT 2017
\n\n
New invocation of recon-all 
\n\n
status file for recon-all
Fri Jul  7 15:21:31 EDT 2017
#@# Cortical Parc 3 rh Fri Jul  7 15:21:31 EDT 2017
recon-all -s sub-01 finished without error at Fri Jul  7 15:21:53 EDT 2017
\n\n
New invocation of recon-all 
\n\n
status file for recon-all
Fri Jul  7 15:21:53 EDT 2017
#@# Parcellation Stats 3 lh Fri Jul  7 15:21:53 EDT 2017
recon-all -s sub-01 finished without error at Fri Jul  7 15:22:44 EDT 2017
\n\n
New invocation of recon-all 
\n\n
status file for recon-all
Fri Jul  7 15:22:45 EDT 2017
#@# Parcellation Stats 3 rh Fri Jul  7 15:22:45 EDT 2017
recon-all -s sub-01 finished without error at Fri Jul  7 15:23:34 EDT 2017
\n\n
New invocation of recon-all 
\n\n
status file for recon-all
Fri Jul  7 15:23:35 EDT 2017
#@# WM/GM Contrast lh Fri Jul  7 15:23:35 EDT 2017
recon-all -s sub-01 finished without error at Fri Jul  7 15:23:43 EDT 2017
\n\n
New invocation of recon-all 
\n\n
status file for recon-all
Fri Jul  7 15:23:44 EDT 2017
#@# WM/GM Contrast rh Fri Jul  7 15:23:44 EDT 2017
recon-all -s sub-01 finished without error at Fri Jul  7 15:23:51 EDT 2017
\n\n
New invocation of recon-all 
\n\n
status file for recon-all
Fri Jul  7 15:23:52 EDT 2017
#@# Relabel Hypointensities Fri Jul  7 15:23:52 EDT 2017
recon-all -s sub-01 finished without error at Fri Jul  7 15:24:28 EDT 2017
\n\n
New invocation of recon-all 
\n\n
status file for recon-all
Fri Jul  7 15:24:28 EDT 2017
#@# AParc-to-ASeg aparc Fri Jul  7 15:24:28 EDT 2017
#@# AParc-to-ASeg a2009s Fri Jul  7 15:30:14 EDT 2017
#@# AParc-to-ASeg DKTatlas Fri Jul  7 15:35:45 EDT 2017
recon-all -s sub-01 finished without error at Fri Jul  7 15:40:54 EDT 2017
\n\n
New invocation of recon-all 
\n\n
status file for recon-all
Fri Jul  7 15:40:54 EDT 2017
#@# APas-to-ASeg Fri Jul  7 15:40:54 EDT 2017
recon-all -s sub-01 finished without error at Fri Jul  7 15:41:00 EDT 2017
\n\n
New invocation of recon-all 
\n\n
status file for recon-all
Fri Jul  7 15:41:01 EDT 2017
#@# ASeg Stats Fri Jul  7 15:41:01 EDT 2017
recon-all -s sub-01 finished without error at Fri Jul  7 15:42:17 EDT 2017
\n\n
New invocation of recon-all 
\n\n
status file for recon-all
Fri Jul  7 15:42:17 EDT 2017
#@# WMParc Fri Jul  7 15:42:17 EDT 2017
recon-all -s sub-01 finished without error at Fri Jul  7 15:49:22 EDT 2017
\n\n
New invocation of recon-all 
\n\n
status file for recon-all
Fri Jul  7 15:49:22 EDT 2017
#@# BA_exvivo Labels lh Fri Jul  7 15:49:22 EDT 2017
recon-all -s sub-01 finished without error at Fri Jul  7 15:54:32 EDT 2017
\n\n
New invocation of recon-all 
\n\n
status file for recon-all
Fri Jul  7 15:54:32 EDT 2017
#@# BA_exvivo Labels rh Fri Jul  7 15:54:32 EDT 2017
recon-all -s sub-01 finished without error at Fri Jul  7 15:59:33 EDT 2017
\n\n
New invocation of recon-all 
\n\n
status file for recon-all
Wed Oct  4 14:14:01 EDT 2017
#@# MotionCor Wed Oct  4 14:14:01 EDT 2017
recon-all -s sub-01 finished without error at Wed Oct  4 14:14:07 EDT 2017
\n\n
New invocation of recon-all 
\n\n
status file for recon-all
Wed Oct  4 14:14:08 EDT 2017
#@# Talairach Wed Oct  4 14:14:08 EDT 2017
#@# Talairach Failure Detection Wed Oct  4 14:15:28 EDT 2017
recon-all -s sub-01 finished without error at Wed Oct  4 14:15:28 EDT 2017
\n\n
New invocation of recon-all 
\n\n
status file for recon-all
Wed Oct  4 14:15:29 EDT 2017
#@# Nu Intensity Correction Wed Oct  4 14:15:29 EDT 2017
recon-all -s sub-01 finished without error at Wed Oct  4 14:17:24 EDT 2017
\n\n
New invocation of recon-all 
\n\n
status file for recon-all
Wed Oct  4 14:17:24 EDT 2017
#@# Intensity Normalization Wed Oct  4 14:17:24 EDT 2017
recon-all -s sub-01 finished without error at Wed Oct  4 14:19:20 EDT 2017
\n\n
New invocation of recon-all 
\n\n
status file for recon-all
Wed Oct  4 14:19:20 EDT 2017
#@# Skull Stripping Wed Oct  4 14:19:20 EDT 2017
recon-all -s sub-01 finished without error at Wed Oct  4 14:19:44 EDT 2017
\n\n
New invocation of recon-all 
\n\n
status file for recon-all
Wed Oct  4 14:19:44 EDT 2017
#@# EM Registration Wed Oct  4 14:19:44 EDT 2017
recon-all -s sub-01 finished without error at Wed Oct  4 14:31:50 EDT 2017
\n\n
New invocation of recon-all 
\n\n
status file for recon-all
Wed Oct  4 14:31:50 EDT 2017
#@# CA Normalize Wed Oct  4 14:31:50 EDT 2017
recon-all -s sub-01 finished without error at Wed Oct  4 14:33:11 EDT 2017
\n\n
New invocation of recon-all 
\n\n
status file for recon-all
Wed Oct  4 14:33:11 EDT 2017
#@# CA Reg Wed Oct  4 14:33:11 EDT 2017
recon-all -s sub-01 finished without error at Thu Oct  5 09:45:37 EDT 2017
\n\n
New invocation of recon-all 
\n\n
status file for recon-all
Thu Oct  5 09:45:38 EDT 2017
#@# SubCort Seg Thu Oct  5 09:45:38 EDT 2017
#@# Merge ASeg Thu Oct  5 10:58:49 EDT 2017
recon-all -s sub-01 finished without error at Thu Oct  5 10:58:49 EDT 2017
\n\n
New invocation of recon-all 
\n\n
status file for recon-all
Thu Oct  5 10:58:49 EDT 2017
#@# Intensity Normalization2 Thu Oct  5 10:58:49 EDT 2017
recon-all -s sub-01 finished without error at Thu Oct  5 11:01:46 EDT 2017
\n\n
New invocation of recon-all 
\n\n
status file for recon-all
Thu Oct  5 11:01:46 EDT 2017
#@# Mask BFS Thu Oct  5 11:01:46 EDT 2017
recon-all -s sub-01 finished without error at Thu Oct  5 11:01:48 EDT 2017
\n\n
New invocation of recon-all 
\n\n
status file for recon-all
Thu Oct  5 11:01:48 EDT 2017
#@# WM Segmentation Thu Oct  5 11:01:48 EDT 2017
recon-all -s sub-01 finished without error at Thu Oct  5 11:03:57 EDT 2017
\n\n
New invocation of recon-all 
\n\n
status file for recon-all
Thu Oct  5 11:03:57 EDT 2017
#@# Fill Thu Oct  5 11:03:57 EDT 2017
recon-all -s sub-01 finished without error at Thu Oct  5 11:04:31 EDT 2017
\n\n
New invocation of recon-all 
\n\n
status file for recon-all
Thu Oct  5 11:04:31 EDT 2017
#@# Tessellate lh Thu Oct  5 11:04:31 EDT 2017
recon-all -s sub-01 finished without error at Thu Oct  5 11:04:37 EDT 2017
\n\n
New invocation of recon-all 
\n\n
status file for recon-all
Thu Oct  5 11:04:37 EDT 2017
#@# Tessellate rh Thu Oct  5 11:04:37 EDT 2017
recon-all -s sub-01 finished without error at Thu Oct  5 11:04:44 EDT 2017
\n\n
New invocation of recon-all 
\n\n
status file for recon-all
Thu Oct  5 11:04:44 EDT 2017
#@# Smooth1 lh Thu Oct  5 11:04:44 EDT 2017
recon-all -s sub-01 finished without error at Thu Oct  5 11:04:53 EDT 2017
\n\n
New invocation of recon-all 
\n\n
status file for recon-all
Thu Oct  5 11:04:53 EDT 2017
#@# Smooth1 rh Thu Oct  5 11:04:53 EDT 2017
recon-all -s sub-01 finished without error at Thu Oct  5 11:05:01 EDT 2017
\n\n
New invocation of recon-all 
\n\n
status file for recon-all
Thu Oct  5 11:05:02 EDT 2017
#@# Inflation1 lh Thu Oct  5 11:05:02 EDT 2017
recon-all -s sub-01 finished without error at Thu Oct  5 11:05:36 EDT 2017
\n\n
New invocation of recon-all 
\n\n
status file for recon-all
Thu Oct  5 11:05:36 EDT 2017
#@# Inflation1 rh Thu Oct  5 11:05:37 EDT 2017
recon-all -s sub-01 finished without error at Thu Oct  5 11:06:11 EDT 2017
\n\n
New invocation of recon-all 
\n\n
status file for recon-all
Thu Oct  5 11:06:11 EDT 2017
#@# QSphere lh Thu Oct  5 11:06:11 EDT 2017
recon-all -s sub-01 finished without error at Thu Oct  5 11:09:21 EDT 2017
\n\n
New invocation of recon-all 
\n\n
status file for recon-all
Thu Oct  5 11:09:21 EDT 2017
#@# QSphere rh Thu Oct  5 11:09:21 EDT 2017
recon-all -s sub-01 finished without error at Thu Oct  5 11:12:36 EDT 2017
\n\n
New invocation of recon-all 
\n\n
status file for recon-all
Thu Oct  5 11:12:37 EDT 2017
#@# Fix Topology Copy lh Thu Oct  5 11:12:37 EDT 2017
#@# Fix Topology lh Thu Oct  5 11:12:37 EDT 2017
recon-all -s sub-01 finished without error at Thu Oct  5 13:33:41 EDT 2017
\n\n
New invocation of recon-all 
\n\n
status file for recon-all
Thu Oct  5 13:33:41 EDT 2017
#@# Fix Topology Copy rh Thu Oct  5 13:33:42 EDT 2017
#@# Fix Topology rh Thu Oct  5 13:33:42 EDT 2017
recon-all -s sub-01 finished without error at Thu Oct  5 14:54:20 EDT 2017
\n\n
New invocation of recon-all 
\n\n
status file for recon-all
Thu Oct  5 14:54:20 EDT 2017
#@# Make White Surf lh Thu Oct  5 14:54:20 EDT 2017
recon-all -s sub-01 finished without error at Thu Oct  5 15:09:55 EDT 2017
\n\n
New invocation of recon-all 
\n\n
status file for recon-all
Thu Oct  5 15:09:56 EDT 2017
#@# Make White Surf rh Thu Oct  5 15:09:56 EDT 2017
recon-all -s sub-01 finished without error at Fri Oct  6 05:49:36 EDT 2017
\n\n
New invocation of recon-all 
\n\n
status file for recon-all
Fri Oct  6 05:49:36 EDT 2017
#@# Smooth2 lh Fri Oct  6 05:49:36 EDT 2017
recon-all -s sub-01 finished without error at Fri Oct  6 05:49:45 EDT 2017
\n\n
New invocation of recon-all 
\n\n
status file for recon-all
Fri Oct  6 05:49:46 EDT 2017
#@# Inflation2 lh Fri Oct  6 05:49:46 EDT 2017
recon-all -s sub-01 finished without error at Fri Oct  6 05:50:14 EDT 2017
\n\n
New invocation of recon-all 
\n\n
status file for recon-all
Fri Oct  6 05:50:15 EDT 2017
#@# Sphere lh Fri Oct  6 05:50:15 EDT 2017
recon-all -s sub-01 finished without error at Sat Oct  7 18:17:52 EDT 2017
\n\n
New invocation of recon-all 
\n\n
status file for recon-all
Sat Oct  7 18:17:52 EDT 2017
#@# Surf Reg lh Sat Oct  7 18:17:52 EDT 2017
recon-all -s sub-01 finished without error at Tue Oct 10 08:11:04 EDT 2017
\n\n
New invocation of recon-all 
\n\n
status file for recon-all
Tue Oct 10 08:11:04 EDT 2017
#@# Cortical Parc lh Tue Oct 10 08:11:04 EDT 2017
recon-all -s sub-01 finished without error at Tue Oct 10 08:11:25 EDT 2017
\n\n
New invocation of recon-all 
\n\n
status file for recon-all
Tue Oct 10 08:11:26 EDT 2017
#@# Make Pial Surf lh Tue Oct 10 08:11:26 EDT 2017
#@# Surf Volume lh Tue Oct 10 09:56:16 EDT 2017
recon-all -s sub-01 finished without error at Tue Oct 10 09:56:21 EDT 2017
\n\n
New invocation of recon-all 
\n\n
status file for recon-all
Tue Oct 10 09:56:22 EDT 2017
#@# Surf Volume lh Tue Oct 10 09:56:22 EDT 2017
recon-all -s sub-01 finished without error at Tue Oct 10 09:56:25 EDT 2017
\n\n
New invocation of recon-all 
\n\n
status file for recon-all
Tue Oct 10 09:56:26 EDT 2017
#@# Smooth2 rh Tue Oct 10 09:56:26 EDT 2017
recon-all -s sub-01 finished without error at Tue Oct 10 09:56:34 EDT 2017
\n\n
New invocation of recon-all 
\n\n
status file for recon-all
Tue Oct 10 09:56:35 EDT 2017
#@# Inflation2 rh Tue Oct 10 09:56:35 EDT 2017
recon-all -s sub-01 finished without error at Tue Oct 10 09:57:17 EDT 2017
\n\n
New invocation of recon-all 
\n\n
status file for recon-all
Tue Oct 10 09:57:18 EDT 2017
#@# Sphere rh Tue Oct 10 09:57:18 EDT 2017
recon-all -s sub-01 finished without error at Tue Oct 10 10:35:16 EDT 2017
\n\n
New invocation of recon-all 
\n\n
status file for recon-all
Tue Oct 10 10:35:16 EDT 2017
#@# Surf Reg rh Tue Oct 10 10:35:16 EDT 2017
recon-all -s sub-01 finished without error at Tue Oct 10 12:20:37 EDT 2017
\n\n
New invocation of recon-all 
\n\n
status file for recon-all
Tue Oct 10 12:20:38 EDT 2017
#@# Cortical Parc rh Tue Oct 10 12:20:38 EDT 2017
recon-all -s sub-01 finished without error at Tue Oct 10 12:20:55 EDT 2017
\n\n
New invocation of recon-all 
\n\n
status file for recon-all
Tue Oct 10 12:20:56 EDT 2017
#@# Make Pial Surf rh Tue Oct 10 12:20:56 EDT 2017
#@# Surf Volume rh Tue Oct 10 12:37:33 EDT 2017
recon-all -s sub-01 finished without error at Tue Oct 10 12:37:37 EDT 2017
\n\n
New invocation of recon-all 
\n\n
status file for recon-all
Tue Oct 10 12:37:37 EDT 2017
#@# Surf Volume rh Tue Oct 10 12:37:37 EDT 2017
recon-all -s sub-01 finished without error at Tue Oct 10 12:37:42 EDT 2017
\n\n
New invocation of recon-all 
\n\n
status file for recon-all
Tue Oct 10 12:37:42 EDT 2017
#@# Curv .H and .K lh Tue Oct 10 12:37:42 EDT 2017
recon-all -s sub-01 finished without error at Tue Oct 10 12:38:56 EDT 2017
\n\n
New invocation of recon-all 
\n\n
status file for recon-all
Tue Oct 10 12:38:56 EDT 2017
#@# Curv .H and .K rh Tue Oct 10 12:38:56 EDT 2017
recon-all -s sub-01 finished without error at Tue Oct 10 13:40:07 EDT 2017
\n\n
New invocation of recon-all 
\n\n
status file for recon-all
Tue Oct 10 13:40:07 EDT 2017
#@# Curvature Stats lh Tue Oct 10 13:40:07 EDT 2017
recon-all -s sub-01 finished without error at Tue Oct 10 13:40:15 EDT 2017
\n\n
New invocation of recon-all 
\n\n
status file for recon-all
Tue Oct 10 13:40:15 EDT 2017
#@# Curvature Stats rh Tue Oct 10 13:40:15 EDT 2017
recon-all -s sub-01 finished without error at Tue Oct 10 13:49:25 EDT 2017
\n\n
New invocation of recon-all 
\n\n
status file for recon-all
Tue Oct 10 13:49:25 EDT 2017
#@# Jacobian white lh Tue Oct 10 13:49:25 EDT 2017
recon-all -s sub-01 finished without error at Tue Oct 10 13:49:28 EDT 2017
\n\n
New invocation of recon-all 
\n\n
status file for recon-all
Tue Oct 10 13:49:28 EDT 2017
#@# Jacobian white rh Tue Oct 10 13:49:28 EDT 2017
recon-all -s sub-01 finished without error at Tue Oct 10 13:49:31 EDT 2017
\n\n
New invocation of recon-all 
\n\n
status file for recon-all
Tue Oct 10 13:49:31 EDT 2017
#@# AvgCurv lh Tue Oct 10 13:49:32 EDT 2017
recon-all -s sub-01 finished without error at Tue Oct 10 13:49:34 EDT 2017
\n\n
New invocation of recon-all 
\n\n
status file for recon-all
Tue Oct 10 13:49:34 EDT 2017
#@# AvgCurv rh Tue Oct 10 13:49:34 EDT 2017
recon-all -s sub-01 finished without error at Tue Oct 10 13:49:37 EDT 2017
\n\n
New invocation of recon-all 
\n\n
status file for recon-all
Tue Oct 10 13:49:37 EDT 2017
#@# Cortical ribbon mask Tue Oct 10 13:49:37 EDT 2017
recon-all -s sub-01 finished without error at Tue Oct 10 14:05:59 EDT 2017
\n\n
New invocation of recon-all 
\n\n
status file for recon-all
Tue Oct 10 14:06:00 EDT 2017
#@# Parcellation Stats lh Tue Oct 10 14:06:00 EDT 2017
recon-all -s sub-01 finished without error at Tue Oct 10 14:07:38 EDT 2017
\n\n
New invocation of recon-all 
\n\n
status file for recon-all
Tue Oct 10 14:07:38 EDT 2017
#@# Parcellation Stats rh Tue Oct 10 14:07:38 EDT 2017
recon-all -s sub-01 finished without error at Tue Oct 10 14:09:10 EDT 2017
\n\n
New invocation of recon-all 
\n\n
status file for recon-all
Tue Oct 10 14:09:10 EDT 2017
#@# Cortical Parc 2 lh Tue Oct 10 14:09:10 EDT 2017
recon-all -s sub-01 finished without error at Tue Oct 10 14:09:32 EDT 2017
\n\n
New invocation of recon-all 
\n\n
status file for recon-all
Tue Oct 10 14:09:33 EDT 2017
#@# Cortical Parc 2 rh Tue Oct 10 14:09:33 EDT 2017
recon-all -s sub-01 finished without error at Tue Oct 10 14:09:54 EDT 2017
\n\n
New invocation of recon-all 
\n\n
status file for recon-all
Tue Oct 10 14:09:55 EDT 2017
#@# Parcellation Stats 2 lh Tue Oct 10 14:09:55 EDT 2017
recon-all -s sub-01 finished without error at Tue Oct 10 14:10:42 EDT 2017
\n\n
New invocation of recon-all 
\n\n
status file for recon-all
Tue Oct 10 14:10:43 EDT 2017
#@# Parcellation Stats 2 rh Tue Oct 10 14:10:43 EDT 2017
recon-all -s sub-01 finished without error at Tue Oct 10 14:11:30 EDT 2017
\n\n
New invocation of recon-all 
\n\n
status file for recon-all
Tue Oct 10 14:11:30 EDT 2017
#@# Cortical Parc 3 lh Tue Oct 10 14:11:31 EDT 2017
recon-all -s sub-01 finished without error at Tue Oct 10 14:11:51 EDT 2017
\n\n
New invocation of recon-all 
\n\n
status file for recon-all
Tue Oct 10 14:11:51 EDT 2017
#@# Cortical Parc 3 rh Tue Oct 10 14:11:51 EDT 2017
recon-all -s sub-01 finished without error at Tue Oct 10 14:12:14 EDT 2017
\n\n
New invocation of recon-all 
\n\n
status file for recon-all
Tue Oct 10 14:12:14 EDT 2017
#@# Parcellation Stats 3 lh Tue Oct 10 14:12:14 EDT 2017
recon-all -s sub-01 finished without error at Tue Oct 10 14:13:01 EDT 2017
\n\n
New invocation of recon-all 
\n\n
status file for recon-all
Tue Oct 10 14:13:01 EDT 2017
#@# Parcellation Stats 3 rh Tue Oct 10 14:13:01 EDT 2017
recon-all -s sub-01 finished without error at Tue Oct 10 14:13:46 EDT 2017
\n\n
New invocation of recon-all 
\n\n
status file for recon-all
Tue Oct 10 14:13:46 EDT 2017
#@# WM/GM Contrast lh Tue Oct 10 14:13:46 EDT 2017
recon-all -s sub-01 finished without error at Tue Oct 10 14:13:53 EDT 2017
\n\n
New invocation of recon-all 
\n\n
status file for recon-all
Tue Oct 10 14:13:54 EDT 2017
#@# WM/GM Contrast rh Tue Oct 10 14:13:54 EDT 2017
recon-all -s sub-01 finished without error at Tue Oct 10 14:14:01 EDT 2017
\n\n
New invocation of recon-all 
\n\n
status file for recon-all
Tue Oct 10 14:14:01 EDT 2017
#@# Relabel Hypointensities Tue Oct 10 14:14:01 EDT 2017
recon-all -s sub-01 finished without error at Tue Oct 10 14:14:30 EDT 2017
\n\n
New invocation of recon-all 
\n\n
status file for recon-all
Tue Oct 10 14:14:30 EDT 2017
#@# AParc-to-ASeg aparc Tue Oct 10 14:14:30 EDT 2017
#@# AParc-to-ASeg a2009s Tue Oct 10 14:20:52 EDT 2017
#@# AParc-to-ASeg DKTatlas Tue Oct 10 14:28:05 EDT 2017
recon-all -s sub-01 finished without error at Tue Oct 10 14:34:52 EDT 2017
\n\n
New invocation of recon-all 
\n\n
status file for recon-all
Tue Oct 10 14:34:53 EDT 2017
#@# APas-to-ASeg Tue Oct 10 14:34:53 EDT 2017
recon-all -s sub-01 finished without error at Tue Oct 10 14:35:00 EDT 2017
\n\n
New invocation of recon-all 
\n\n
status file for recon-all
Tue Oct 10 14:35:00 EDT 2017
#@# ASeg Stats Tue Oct 10 14:35:00 EDT 2017
recon-all -s sub-01 finished without error at Tue Oct 10 14:38:27 EDT 2017
\n\n
New invocation of recon-all 
\n\n
status file for recon-all
Tue Oct 10 14:38:27 EDT 2017
#@# WMParc Tue Oct 10 14:38:27 EDT 2017
recon-all -s sub-01 finished without error at Tue Oct 10 14:51:27 EDT 2017
\n\n
New invocation of recon-all 
\n\n
status file for recon-all
Tue Oct 10 14:51:27 EDT 2017
#@# BA_exvivo Labels lh Tue Oct 10 14:51:27 EDT 2017
recon-all -s sub-01 finished without error at Tue Oct 10 14:57:16 EDT 2017
\n\n
New invocation of recon-all 
\n\n
status file for recon-all
Tue Oct 10 14:57:16 EDT 2017
#@# BA_exvivo Labels rh Tue Oct 10 14:57:16 EDT 2017
recon-all -s sub-01 finished without error at Tue Oct 10 15:02:34 EDT 2017
\n\n
New invocation of recon-all 
\n\n
status file for recon-all
Wed Oct 25 09:30:59 EDT 2017
#@# Intensity Normalization2 Wed Oct 25 09:30:59 EDT 2017
#@# Mask BFS Wed Oct 25 09:33:51 EDT 2017
#@# WM Segmentation Wed Oct 25 09:33:53 EDT 2017
#@# Fill Wed Oct 25 09:35:56 EDT 2017
#@# Tessellate lh Wed Oct 25 09:36:27 EDT 2017
#@# Tessellate rh Wed Oct 25 09:36:32 EDT 2017
#@# Smooth1 lh Wed Oct 25 09:36:37 EDT 2017
#@# Smooth1 rh Wed Oct 25 09:36:37 EDT 2017
#@# Inflation1 lh Wed Oct 25 09:36:46 EDT 2017
#@# Inflation1 rh Wed Oct 25 09:36:46 EDT 2017
#@# QSphere lh Wed Oct 25 09:37:17 EDT 2017
#@# QSphere rh Wed Oct 25 09:37:17 EDT 2017
#@# Fix Topology Copy lh Wed Oct 25 09:40:04 EDT 2017
#@# Fix Topology Copy rh Wed Oct 25 09:40:04 EDT 2017
#@# Fix Topology lh Wed Oct 25 09:40:04 EDT 2017
#@# Fix Topology rh Wed Oct 25 09:40:04 EDT 2017
#@# Make White Surf lh Wed Oct 25 10:14:27 EDT 2017
#@# Make White Surf rh Wed Oct 25 10:14:27 EDT 2017
#@# Smooth2 lh Wed Oct 25 10:19:21 EDT 2017
#@# Smooth2 rh Wed Oct 25 10:19:21 EDT 2017
#@# Inflation2 lh Wed Oct 25 10:19:29 EDT 2017
#@# Inflation2 rh Wed Oct 25 10:19:29 EDT 2017
#@# Curv .H and .K lh Wed Oct 25 10:19:58 EDT 2017
#@# Curv .H and .K rh Wed Oct 25 10:19:58 EDT 2017
#@# Curvature Stats lh Wed Oct 25 10:20:59 EDT 2017
#@# Curvature Stats rh Wed Oct 25 10:21:04 EDT 2017
#@# Sphere lh Wed Oct 25 10:21:09 EDT 2017
#@# Sphere rh Wed Oct 25 10:21:09 EDT 2017
#@# Surf Reg lh Wed Oct 25 10:49:28 EDT 2017
#@# Surf Reg rh Wed Oct 25 10:49:28 EDT 2017
#@# Jacobian white lh Wed Oct 25 11:34:21 EDT 2017
#@# Jacobian white rh Wed Oct 25 11:34:21 EDT 2017
#@# AvgCurv lh Wed Oct 25 11:34:23 EDT 2017
#@# AvgCurv rh Wed Oct 25 11:34:23 EDT 2017
#@# Cortical Parc lh Wed Oct 25 11:34:25 EDT 2017
#@# Cortical Parc rh Wed Oct 25 11:34:25 EDT 2017
#@# Make Pial Surf lh Wed Oct 25 11:34:41 EDT 2017
#@# Make Pial Surf rh Wed Oct 25 11:34:41 EDT 2017
#@# Surf Volume lh Wed Oct 25 11:48:41 EDT 2017
#@# Surf Volume rh Wed Oct 25 11:48:46 EDT 2017
#@# Cortical ribbon mask Wed Oct 25 11:48:49 EDT 2017
#@# Parcellation Stats lh Wed Oct 25 12:00:02 EDT 2017
#@# Parcellation Stats rh Wed Oct 25 12:00:03 EDT 2017
#@# Cortical Parc 2 lh Wed Oct 25 12:01:15 EDT 2017
#@# Cortical Parc 2 rh Wed Oct 25 12:01:15 EDT 2017
#@# Parcellation Stats 2 lh Wed Oct 25 12:01:34 EDT 2017
#@# Parcellation Stats 2 rh Wed Oct 25 12:01:34 EDT 2017
#@# Cortical Parc 3 lh Wed Oct 25 12:02:16 EDT 2017
#@# Cortical Parc 3 rh Wed Oct 25 12:02:16 EDT 2017
#@# Parcellation Stats 3 lh Wed Oct 25 12:02:31 EDT 2017
#@# Parcellation Stats 3 rh Wed Oct 25 12:02:31 EDT 2017
#@# WM/GM Contrast lh Wed Oct 25 12:03:10 EDT 2017
#@# WM/GM Contrast rh Wed Oct 25 12:03:10 EDT 2017
#@# Relabel Hypointensities Wed Oct 25 12:03:18 EDT 2017
#@# AParc-to-ASeg aparc Wed Oct 25 12:03:41 EDT 2017
#@# AParc-to-ASeg a2009s Wed Oct 25 12:03:41 EDT 2017
#@# AParc-to-ASeg DKTatlas Wed Oct 25 12:03:41 EDT 2017
#@# APas-to-ASeg Wed Oct 25 12:10:21 EDT 2017
#@# ASeg Stats Wed Oct 25 12:10:28 EDT 2017
#@# WMParc Wed Oct 25 12:11:25 EDT 2017
#@# BA_exvivo Labels lh Wed Oct 25 12:17:02 EDT 2017
#@# BA_exvivo Labels rh Wed Oct 25 12:19:17 EDT 2017
recon-all -s sub-01 finished without error at Wed Oct 25 12:21:31 EDT 2017
